[+] Containers:
 |- [+] Container: /Game/Maps/MaterialsMap
 |   |- [+] ActorDescs:
 |   |   |- Guid:0C182C93420385F852496E961C8F05BE BaseClass: NativeClass:/Script/Engine.SkeletalMeshActor Name:SkeletalMeshActor_UAID_E0D55E838A57E39701_1236880575 Label:Jog_Fwd2 SpatiallyLoaded:1 Bounds:IsValid=true, Min=(X=2746.763 Y=3095.789 Z=-2.383), Max=(X=2821.296 Y=3224.495 Z=153.801) RuntimeGrid:None EditorOnly:0 RuntimeOnly:0 HLODRelevant:0
 |   |   |- Guid:0FF380BE49B3C741BD897ABBBF1DF932 BaseClass: NativeClass:/Script/Engine.TextRenderActor Name:TextRenderActor_UAID_E0D55E838A57A49701_2040918487 Label:TextRenderActor5 SpatiallyLoaded:1 Bounds:IsValid=true, Min=(X=2890.000 Y=2064.777 Z=319.572), Max=(X=2890.000 Y=2315.223 Z=380.428) RuntimeGrid:None EditorOnly:0 RuntimeOnly:0 HLODRelevant:0
 |   |   |- Guid:182B706A4EEE3EB3BC60B686F6D67E8F BaseClass: NativeClass:/Script/Engine.StaticMeshActor Name:StaticMeshActor_UAID_E0D55E838A57E29701_1904299395 Label:Sphere SpatiallyLoaded:1 Bounds:IsValid=true, Min=(X=2600.000 Y=3060.000 Z=-50.000), Max=(X=2700.000 Y=3160.000 Z=50.000) RuntimeGrid:None EditorOnly:0 RuntimeOnly:0 HLODRelevant:1
 |   |   |- Guid:2FB58999456391D349DC0F86DAC136ED BaseClass: NativeClass:/Script/Engine.SkyLight Name:SkyLight_1 Label:SkyLight SpatiallyLoaded:0 Bounds:IsValid=true, Min=(X=0.000 Y=0.000 Z=690.000), Max=(X=0.000 Y=0.000 Z=690.000) RuntimeGrid:None EditorOnly:0 RuntimeOnly:0 HLODRelevant:0 FolderPath:Lighting FolderGuid:963EC3EB4002CCE9759E2EBA541A873A
 |   |   |- Guid:316CF2A6494ACA4C0E4180A87D36AB8F BaseClass: NativeClass:/Script/Engine.ExponentialHeightFog Name:ExponentialHeightFog_0 Label:ExponentialHeightFog SpatiallyLoaded:0 Bounds:IsValid=true, Min=(X=-5600.000 Y=-50.000 Z=-6850.000), Max=(X=-5600.000 Y=-50.000 Z=-6850.000) RuntimeGrid:None EditorOnly:0 RuntimeOnly:0 HLODRelevant:0 FolderPath:Lighting FolderGuid:963EC3EB4002CCE9759E2EBA541A873A
 |   |   |- Guid:38684F6A41A5511F39B87298EC727232 BaseClass: NativeClass:/Script/Engine.TextRenderActor Name:TextRenderActor_UAID_E0D55E838A57E29701_1938608396 Label:TextRenderActor7 SpatiallyLoaded:1 Bounds:IsValid=true, Min=(X=2890.000 Y=2885.091 Z=319.572), Max=(X=2890.000 Y=3254.909 Z=380.428) RuntimeGrid:None EditorOnly:0 RuntimeOnly:0 HLODRelevant:0
 |   |   |- Guid:43815E84492231AFC407F59E3C28176B BaseClass: NativeClass:/Script/Engine.StaticMeshActor Name:StaticMeshActor_4 Label:SM_Cube6 SpatiallyLoaded:1 Bounds:IsValid=true, Min=(X=2900.000 Y=100.000 Z=0.000), Max=(X=3000.000 Y=3400.000 Z=550.000) RuntimeGrid:None EditorOnly:0 RuntimeOnly:0 HLODRelevant:1 FolderPath:Playground FolderGuid:C73F09FC4215536B1DCE2A9E0A830C70
 |   |   |- Guid:4D3BE93F4146AAAC8BBE79999D96D57F BaseClass: NativeClass:/Script/Engine.VolumetricCloud Name:VolumetricCloud_0 Label:VolumetricCloud SpatiallyLoaded:0 Bounds:IsValid=true, Min=(X=0.000 Y=0.000 Z=820.000), Max=(X=0.000 Y=0.000 Z=820.000) RuntimeGrid:None EditorOnly:0 RuntimeOnly:0 HLODRelevant:0 FolderPath:Lighting FolderGuid:963EC3EB4002CCE9759E2EBA541A873A
 |   |   |- Guid:4E18B33F4593C7A99C659686E39F1ABE BaseClass: NativeClass:/Script/Engine.SkeletalMeshActor Name:SkeletalMeshActor_UAID_E0D55E838A57E39701_1377254577 Label:MM_Idle SpatiallyLoaded:1 Bounds:IsValid=true, Min=(X=2568.595 Y=172.154 Z=-0.477), Max=(X=2630.333 Y=233.606 Z=177.545) RuntimeGrid:None EditorOnly:0 RuntimeOnly:0 HLODRelevant:0
 |   |   |- Guid:4E2926EF4972A12A9301EE9693F01E2E BaseClass: NativeClass:/Script/Engine.StaticMeshActor Name:StaticMeshActor_UAID_E0D55E838A57F26401_2132782353 Label:Plane2 SpatiallyLoaded:1 Bounds:IsValid=true, Min=(X=2580.000 Y=1585.000 Z=0.063), Max=(X=2580.000 Y=1835.000 Z=250.063) RuntimeGrid:None EditorOnly:0 RuntimeOnly:0 HLODRelevant:1
 |   |   |- Guid:5016EFAA4D9E7BCFE8F2BF8764258285 BaseClass: NativeClass:/Script/Engine.StaticMeshActor Name:StaticMeshActor_UAID_E0D55E838A57C99701_1371893002 Label:Cylinder SpatiallyLoaded:1 Bounds:IsValid=true, Min=(X=2485.000 Y=2455.000 Z=-22.500), Max=(X=2835.000 Y=2805.000 Z=2.500) RuntimeGrid:None EditorOnly:0 RuntimeOnly:0 HLODRelevant:1
 |   |   |- Guid:5372EB484FE9C3BAC272DAA581F5554A BaseClass: NativeClass:/Script/Engine.SkeletalMeshActor Name:SkeletalMeshActor_UAID_E0D55E838A57E39701_1166119574 Label:Jog_Fwd SpatiallyLoaded:1 Bounds:IsValid=true, Min=(X=2508.704 Y=2885.505 Z=-2.383), Max=(X=2583.237 Y=3014.211 Z=153.801) RuntimeGrid:None EditorOnly:0 RuntimeOnly:0 HLODRelevant:0
 |   |   |- Guid:5B97F4A64FB21F77EFC44386BF705B4C BaseClass: NativeClass:/Script/Engine.TextRenderActor Name:TextRenderActor_1 Label:TextRenderActor SpatiallyLoaded:1 Bounds:IsValid=true, Min=(X=-0.100 Y=1100.000 Z=65.013), Max=(X=-0.100 Y=2392.308 Z=215.013) RuntimeGrid:None EditorOnly:0 RuntimeOnly:0 HLODRelevant:0
 |   |   |- Guid:69A57384482F208F6952EAA7A028308C BaseClass: NativeClass:/Script/Engine.TextRenderActor Name:TextRenderActor_UAID_E0D55E838A57A49701_1516430483 Label:TextRenderActor2 SpatiallyLoaded:1 Bounds:IsValid=true, Min=(X=2890.000 Y=115.614 Z=289.144), Max=(X=2890.000 Y=684.386 Z=410.856) RuntimeGrid:None EditorOnly:0 RuntimeOnly:0 HLODRelevant:0
 |   |   |- Guid:6BAF4DDD444C60371492D3919DB42C97 BaseClass: NativeClass:/Script/Engine.WorldDataLayers Name:WorldDataLayers Label:WorldDataLayers SpatiallyLoaded:0 Bounds:IsValid=true, Min=(X=0.000 Y=0.000 Z=0.000), Max=(X=0.000 Y=0.000 Z=0.000) RuntimeGrid:None EditorOnly:0 RuntimeOnly:0 HLODRelevant:0
 |   |   |- Guid:6D7C164240D53A760E8D59A63BF2E46D BaseClass: NativeClass:/Script/Engine.TextRenderActor Name:TextRenderActor_UAID_E0D55E838A57A49701_1856995485 Label:TextRenderActor4 SpatiallyLoaded:1 Bounds:IsValid=true, Min=(X=2890.000 Y=1377.641 Z=289.144), Max=(X=2890.000 Y=1822.359 Z=410.856) RuntimeGrid:None EditorOnly:0 RuntimeOnly:0 HLODRelevant:0
 |   |   |- Guid:71CE63AA4031AD2F1A8D92AA4B8A43CC BaseClass: NativeClass:/Script/Engine.StaticMeshActor Name:StaticMeshActor_UAID_E0D55E838A57A49701_1342340482 Label:Cube3 SpatiallyLoaded:1 Bounds:IsValid=true, Min=(X=2444.455 Y=360.394 Z=-61.233), Max=(X=2610.990 Y=486.649 Z=57.634) RuntimeGrid:None EditorOnly:0 RuntimeOnly:0 HLODRelevant:1
 |   |   |- Guid:72A13753475DA46E6D370CB4F4577091 BaseClass: NativeClass:/Script/Engine.StaticMeshActor Name:StaticMeshActor_UAID_E0D55E838A57C69601_1692361407 Label:Plane3 SpatiallyLoaded:1 Bounds:IsValid=true, Min=(X=2600.000 Y=805.000 Z=-5.000), Max=(X=2600.000 Y=1055.000 Z=245.000) RuntimeGrid:None EditorOnly:0 RuntimeOnly:0 HLODRelevant:1
 |   |   |- Guid:7840EAA94836B9FC32167D8BD9D244C4 BaseClass: NativeClass:/Script/Engine.StaticMeshActor Name:StaticMeshActor_UAID_E0D55E838A57A39701_2042013305 Label:Cube2 SpatiallyLoaded:1 Bounds:IsValid=true, Min=(X=2494.369 Y=217.344 Z=-31.588), Max=(X=2578.609 Y=305.466 Z=38.755) RuntimeGrid:None EditorOnly:0 RuntimeOnly:0 HLODRelevant:1
 |   |   |- Guid:803188BA4D56BCAD30F45489A093BB83 BaseClass: NativeClass:/Script/Engine.TextRenderActor Name:TextRenderActor_UAID_E0D55E838A57A49701_1620054484 Label:TextRenderActor3 SpatiallyLoaded:1 Bounds:IsValid=true, Min=(X=2890.000 Y=819.353 Z=319.572), Max=(X=2890.000 Y=1020.647 Z=380.428) RuntimeGrid:None EditorOnly:0 RuntimeOnly:0 HLODRelevant:0
 |   |   |- Guid:83F0C9FB4C70734EB832E982F38E3EA0 BaseClass: NativeClass:/Script/Engine.SkeletalMeshActor Name:SkeletalMeshActor_UAID_E0D55E838A57E69701_1261960107 Label:MM_Idle2 SpatiallyLoaded:1 Bounds:IsValid=true, Min=(X=2565.730 Y=3205.999 Z=-0.477), Max=(X=2649.818 Y=3290.192 Z=177.545) RuntimeGrid:None EditorOnly:0 RuntimeOnly:0 HLODRelevant:0
 |   |   |- Guid:A56216954B2165CF0F35A886B537D536 BaseClass: NativeClass:/Script/Engine.StaticMeshActor Name:StaticMeshActor_0 Label:SM_Cube5 SpatiallyLoaded:1 Bounds:IsValid=true, Min=(X=-0.000 Y=100.000 Z=0.000), Max=(X=100.000 Y=3400.000 Z=400.000) RuntimeGrid:None EditorOnly:0 RuntimeOnly:0 HLODRelevant:1 FolderPath:Playground FolderGuid:C73F09FC4215536B1DCE2A9E0A830C70
 |   |   |- Guid:B20EAAB946DF6AA45E7AD587E2B3B284 BaseClass: NativeClass:/Script/Engine.StaticMeshActor Name:StaticMeshActor_UAID_E0D55E838A57C99701_1476612004 Label:Plane5 SpatiallyLoaded:1 Bounds:IsValid=true, Min=(X=2850.000 Y=2485.000 Z=0.063), Max=(X=2850.000 Y=2735.000 Z=250.063) RuntimeGrid:None EditorOnly:0 RuntimeOnly:0 HLODRelevant:1
 |   |   |- Guid:B785ED2844B84CFB91E7F39FE661CD99 BaseClass: NativeClass:/Script/Engine.DirectionalLight Name:DirectionalLight_0 Label:DirectionalLight SpatiallyLoaded:0 Bounds:IsValid=true, Min=(X=-4398046511104.000 Y=-4398046511104.000 Z=-4398046511104.000), Max=(X=4398046511104.000 Y=4398046511104.000 Z=4398046511104.000) RuntimeGrid:None EditorOnly:0 RuntimeOnly:0 HLODRelevant:0 FolderPath:Lighting FolderGuid:963EC3EB4002CCE9759E2EBA541A873A
 |   |   |- Guid:BC08B79C4EA3C961CFF75EBBE83B367D BaseClass: NativeClass:/Script/Engine.StaticMeshActor Name:StaticMeshActor_5 Label:SM_Cube2 SpatiallyLoaded:1 Bounds:IsValid=true, Min=(X=0.000 Y=0.000 Z=0.000), Max=(X=3000.000 Y=100.000 Z=400.000) RuntimeGrid:None EditorOnly:0 RuntimeOnly:0 HLODRelevant:1 FolderPath:Playground FolderGuid:C73F09FC4215536B1DCE2A9E0A830C70
 |   |   |- Guid:C2597FE04FDFB56B0181598645662CF9 BaseClass: NativeClass:/Script/Engine.StaticMeshActor Name:StaticMeshActor_UAID_E0D55E838A579B3401_1383033353 Label:Plane SpatiallyLoaded:1 Bounds:IsValid=true, Min=(X=2580.000 Y=1295.000 Z=0.063), Max=(X=2580.000 Y=1545.000 Z=250.063) RuntimeGrid:None EditorOnly:0 RuntimeOnly:0 HLODRelevant:1
 |   |   |- Guid:C37A7DB34EE3CEEE6B01F1851D67CE6E BaseClass: NativeClass:/Script/Engine.TextRenderActor Name:TextRenderActor_UAID_E0D55E838A57C99701_1419059003 Label:TextRenderActor6 SpatiallyLoaded:1 Bounds:IsValid=true, Min=(X=2890.000 Y=2462.750 Z=319.572), Max=(X=2890.000 Y=2837.250 Z=380.428) RuntimeGrid:None EditorOnly:0 RuntimeOnly:0 HLODRelevant:0
 |   |   |- Guid:CCFF262C46EEFFDF319E7F9539CE697E BaseClass: NativeClass:/Script/Engine.SkyAtmosphere Name:SkyAtmosphere_0 Label:SkyAtmosphere SpatiallyLoaded:0 Bounds:IsValid=true, Min=(X=0.000 Y=0.000 Z=1020.000), Max=(X=0.000 Y=0.000 Z=1020.000) RuntimeGrid:None EditorOnly:0 RuntimeOnly:0 HLODRelevant:0 FolderPath:Lighting FolderGuid:963EC3EB4002CCE9759E2EBA541A873A
 |   |   |- Guid:D231E2DF4C84539A241EE0B2A5834405 BaseClass: NativeClass:/Script/Engine.StaticMeshActor Name:StaticMeshActor_UAID_E0D55E838A57E29701_1890556394 Label:Cube4 SpatiallyLoaded:1 Bounds:IsValid=true, Min=(X=2642.357 Y=2951.503 Z=-24.425), Max=(X=2758.122 Y=3068.497 Z=133.910) RuntimeGrid:None EditorOnly:0 RuntimeOnly:0 HLODRelevant:1
 |   |   |- Guid:DA9B31A145B8E1629016CBA388993C50 BaseClass: NativeClass:/Script/Engine.StaticMeshActor Name:StaticMeshActor_UAID_E0D55E838A57E29701_1972405397 Label:Sphere2 SpatiallyLoaded:1 Bounds:IsValid=true, Min=(X=2715.000 Y=3035.000 Z=-75.000), Max=(X=2865.000 Y=3185.000 Z=75.000) RuntimeGrid:None EditorOnly:0 RuntimeOnly:0 HLODRelevant:1
 |   |   |- Guid:DED296B24DF7756D23CA39A6BBA84237 BaseClass: NativeClass:/Script/Engine.StaticMeshActor Name:StaticMeshActor_UAID_E0D55E838A57A39701_1883315304 Label:Cube SpatiallyLoaded:1 Bounds:IsValid=true, Min=(X=2564.715 Y=253.006 Z=-45.520), Max=(X=2796.244 Y=486.994 Z=271.149) RuntimeGrid:None EditorOnly:0 RuntimeOnly:0 HLODRelevant:1
 |   |   |- Guid:EC4E0C944CE6AC6E784BC6BB2916EA13 BaseClass: NativeClass:/Script/Engine.StaticMeshActor Name:StaticMeshActor_UAID_A4AE111137DC5EFB00_1110535423 Label:SM_SkySphere SpatiallyLoaded:1 Bounds:IsValid=true, Min=(X=-1638400.000 Y=-1638400.000 Z=-1638400.000), Max=(X=1638400.000 Y=1638400.000 Z=1638400.000) RuntimeGrid:None EditorOnly:0 RuntimeOnly:0 HLODRelevant:1 FolderPath:Lighting FolderGuid:963EC3EB4002CCE9759E2EBA541A873A
 |   |   |- Guid:EDAE4EB340BC656950FF7AA0E837375B BaseClass: NativeClass:/Script/Engine.StaticMeshActor Name:StaticMeshActor_UAID_E0D55E838A57A49701_2010016486 Label:Plane4 SpatiallyLoaded:1 Bounds:IsValid=true, Min=(X=2580.000 Y=2015.000 Z=0.063), Max=(X=2580.000 Y=2265.000 Z=250.063) RuntimeGrid:None EditorOnly:0 RuntimeOnly:0 HLODRelevant:1
 |   |   |- Guid:F1924B8D48954B30891B2DB6A694F9CC BaseClass: NativeClass:/Script/Engine.StaticMeshActor Name:StaticMeshActor_1 Label:SM_Cube SpatiallyLoaded:1 Bounds:IsValid=true, Min=(X=0.000 Y=0.000 Z=-50.000), Max=(X=3000.000 Y=3500.000 Z=0.000) RuntimeGrid:None EditorOnly:0 RuntimeOnly:0 HLODRelevant:1 FolderPath:Playground FolderGuid:C73F09FC4215536B1DCE2A9E0A830C70
 |   |   |- Guid:F5E3FEB3450C49844FD93DA8E083C8AD BaseClass: NativeClass:/Script/Engine.PostProcessVolume Name:PostProcessVolume_0 Label:PostProcessVolume SpatiallyLoaded:0 Bounds:IsValid=true, Min=(X=0.000 Y=0.000 Z=400.000), Max=(X=200.000 Y=200.000 Z=600.000) RuntimeGrid:None EditorOnly:0 RuntimeOnly:0 HLODRelevant:0 FolderPath:Lighting FolderGuid:963EC3EB4002CCE9759E2EBA541A873A
 |   |   |- Guid:FF698C67459ADB4982D7759C0905EE9F BaseClass: NativeClass:/Script/Engine.StaticMeshActor Name:StaticMeshActor_6 Label:SM_Cube3 SpatiallyLoaded:1 Bounds:IsValid=true, Min=(X=0.000 Y=3400.000 Z=0.000), Max=(X=3000.000 Y=3500.000 Z=400.000) RuntimeGrid:None EditorOnly:0 RuntimeOnly:0 HLODRelevant:1 FolderPath:Playground FolderGuid:C73F09FC4215536B1DCE2A9E0A830C70
 |   |- [+] Clusters:
 |   |   |- [+] [  0]
 |   |   |   |- Guid:FF698C67459ADB4982D7759C0905EE9F BaseClass: NativeClass:/Script/Engine.StaticMeshActor Name:StaticMeshActor_6 Label:SM_Cube3 SpatiallyLoaded:1 Bounds:IsValid=true, Min=(X=0.000 Y=3400.000 Z=0.000), Max=(X=3000.000 Y=3500.000 Z=400.000) RuntimeGrid:None EditorOnly:0 RuntimeOnly:0 HLODRelevant:1 FolderPath:Playground FolderGuid:C73F09FC4215536B1DCE2A9E0A830C70
 |   |   |- [+] [  1]
 |   |   |   |- Guid:F5E3FEB3450C49844FD93DA8E083C8AD BaseClass: NativeClass:/Script/Engine.PostProcessVolume Name:PostProcessVolume_0 Label:PostProcessVolume SpatiallyLoaded:0 Bounds:IsValid=true, Min=(X=0.000 Y=0.000 Z=400.000), Max=(X=200.000 Y=200.000 Z=600.000) RuntimeGrid:None EditorOnly:0 RuntimeOnly:0 HLODRelevant:0 FolderPath:Lighting FolderGuid:963EC3EB4002CCE9759E2EBA541A873A
 |   |   |- [+] [  2]
 |   |   |   |- Guid:5016EFAA4D9E7BCFE8F2BF8764258285 BaseClass: NativeClass:/Script/Engine.StaticMeshActor Name:StaticMeshActor_UAID_E0D55E838A57C99701_1371893002 Label:Cylinder SpatiallyLoaded:1 Bounds:IsValid=true, Min=(X=2485.000 Y=2455.000 Z=-22.500), Max=(X=2835.000 Y=2805.000 Z=2.500) RuntimeGrid:None EditorOnly:0 RuntimeOnly:0 HLODRelevant:1
 |   |   |- [+] [  3]
 |   |   |   |- Guid:182B706A4EEE3EB3BC60B686F6D67E8F BaseClass: NativeClass:/Script/Engine.StaticMeshActor Name:StaticMeshActor_UAID_E0D55E838A57E29701_1904299395 Label:Sphere SpatiallyLoaded:1 Bounds:IsValid=true, Min=(X=2600.000 Y=3060.000 Z=-50.000), Max=(X=2700.000 Y=3160.000 Z=50.000) RuntimeGrid:None EditorOnly:0 RuntimeOnly:0 HLODRelevant:1
 |   |   |- [+] [  4]
 |   |   |   |- Guid:CCFF262C46EEFFDF319E7F9539CE697E BaseClass: NativeClass:/Script/Engine.SkyAtmosphere Name:SkyAtmosphere_0 Label:SkyAtmosphere SpatiallyLoaded:0 Bounds:IsValid=true, Min=(X=0.000 Y=0.000 Z=1020.000), Max=(X=0.000 Y=0.000 Z=1020.000) RuntimeGrid:None EditorOnly:0 RuntimeOnly:0 HLODRelevant:0 FolderPath:Lighting FolderGuid:963EC3EB4002CCE9759E2EBA541A873A
 |   |   |- [+] [  5]
 |   |   |   |- Guid:DA9B31A145B8E1629016CBA388993C50 BaseClass: NativeClass:/Script/Engine.StaticMeshActor Name:StaticMeshActor_UAID_E0D55E838A57E29701_1972405397 Label:Sphere2 SpatiallyLoaded:1 Bounds:IsValid=true, Min=(X=2715.000 Y=3035.000 Z=-75.000), Max=(X=2865.000 Y=3185.000 Z=75.000) RuntimeGrid:None EditorOnly:0 RuntimeOnly:0 HLODRelevant:1
 |   |   |- [+] [  6]
 |   |   |   |- Guid:4D3BE93F4146AAAC8BBE79999D96D57F BaseClass: NativeClass:/Script/Engine.VolumetricCloud Name:VolumetricCloud_0 Label:VolumetricCloud SpatiallyLoaded:0 Bounds:IsValid=true, Min=(X=0.000 Y=0.000 Z=820.000), Max=(X=0.000 Y=0.000 Z=820.000) RuntimeGrid:None EditorOnly:0 RuntimeOnly:0 HLODRelevant:0 FolderPath:Lighting FolderGuid:963EC3EB4002CCE9759E2EBA541A873A
 |   |   |- [+] [  7]
 |   |   |   |- Guid:38684F6A41A5511F39B87298EC727232 BaseClass: NativeClass:/Script/Engine.TextRenderActor Name:TextRenderActor_UAID_E0D55E838A57E29701_1938608396 Label:TextRenderActor7 SpatiallyLoaded:1 Bounds:IsValid=true, Min=(X=2890.000 Y=2885.091 Z=319.572), Max=(X=2890.000 Y=3254.909 Z=380.428) RuntimeGrid:None EditorOnly:0 RuntimeOnly:0 HLODRelevant:0
 |   |   |- [+] [  8]
 |   |   |   |- Guid:6BAF4DDD444C60371492D3919DB42C97 BaseClass: NativeClass:/Script/Engine.WorldDataLayers Name:WorldDataLayers Label:WorldDataLayers SpatiallyLoaded:0 Bounds:IsValid=true, Min=(X=0.000 Y=0.000 Z=0.000), Max=(X=0.000 Y=0.000 Z=0.000) RuntimeGrid:None EditorOnly:0 RuntimeOnly:0 HLODRelevant:0
 |   |   |- [+] [  9]
 |   |   |   |- Guid:4E2926EF4972A12A9301EE9693F01E2E BaseClass: NativeClass:/Script/Engine.StaticMeshActor Name:StaticMeshActor_UAID_E0D55E838A57F26401_2132782353 Label:Plane2 SpatiallyLoaded:1 Bounds:IsValid=true, Min=(X=2580.000 Y=1585.000 Z=0.063), Max=(X=2580.000 Y=1835.000 Z=250.063) RuntimeGrid:None EditorOnly:0 RuntimeOnly:0 HLODRelevant:1
 |   |   |- [+] [ 10]
 |   |   |   |- Guid:4E18B33F4593C7A99C659686E39F1ABE BaseClass: NativeClass:/Script/Engine.SkeletalMeshActor Name:SkeletalMeshActor_UAID_E0D55E838A57E39701_1377254577 Label:MM_Idle SpatiallyLoaded:1 Bounds:IsValid=true, Min=(X=2568.595 Y=172.154 Z=-0.477), Max=(X=2630.333 Y=233.606 Z=177.545) RuntimeGrid:None EditorOnly:0 RuntimeOnly:0 HLODRelevant:0
 |   |   |- [+] [ 11]
 |   |   |   |- Guid:7840EAA94836B9FC32167D8BD9D244C4 BaseClass: NativeClass:/Script/Engine.StaticMeshActor Name:StaticMeshActor_UAID_E0D55E838A57A39701_2042013305 Label:Cube2 SpatiallyLoaded:1 Bounds:IsValid=true, Min=(X=2494.369 Y=217.344 Z=-31.588), Max=(X=2578.609 Y=305.466 Z=38.755) RuntimeGrid:None EditorOnly:0 RuntimeOnly:0 HLODRelevant:1
 |   |   |- [+] [ 12]
 |   |   |   |- Guid:DED296B24DF7756D23CA39A6BBA84237 BaseClass: NativeClass:/Script/Engine.StaticMeshActor Name:StaticMeshActor_UAID_E0D55E838A57A39701_1883315304 Label:Cube SpatiallyLoaded:1 Bounds:IsValid=true, Min=(X=2564.715 Y=253.006 Z=-45.520), Max=(X=2796.244 Y=486.994 Z=271.149) RuntimeGrid:None EditorOnly:0 RuntimeOnly:0 HLODRelevant:1
 |   |   |- [+] [ 13]
 |   |   |   |- Guid:71CE63AA4031AD2F1A8D92AA4B8A43CC BaseClass: NativeClass:/Script/Engine.StaticMeshActor Name:StaticMeshActor_UAID_E0D55E838A57A49701_1342340482 Label:Cube3 SpatiallyLoaded:1 Bounds:IsValid=true, Min=(X=2444.455 Y=360.394 Z=-61.233), Max=(X=2610.990 Y=486.649 Z=57.634) RuntimeGrid:None EditorOnly:0 RuntimeOnly:0 HLODRelevant:1
 |   |   |- [+] [ 14]
 |   |   |   |- Guid:BC08B79C4EA3C961CFF75EBBE83B367D BaseClass: NativeClass:/Script/Engine.StaticMeshActor Name:StaticMeshActor_5 Label:SM_Cube2 SpatiallyLoaded:1 Bounds:IsValid=true, Min=(X=0.000 Y=0.000 Z=0.000), Max=(X=3000.000 Y=100.000 Z=400.000) RuntimeGrid:None EditorOnly:0 RuntimeOnly:0 HLODRelevant:1 FolderPath:Playground FolderGuid:C73F09FC4215536B1DCE2A9E0A830C70
 |   |   |- [+] [ 15]
 |   |   |   |- Guid:316CF2A6494ACA4C0E4180A87D36AB8F BaseClass: NativeClass:/Script/Engine.ExponentialHeightFog Name:ExponentialHeightFog_0 Label:ExponentialHeightFog SpatiallyLoaded:0 Bounds:IsValid=true, Min=(X=-5600.000 Y=-50.000 Z=-6850.000), Max=(X=-5600.000 Y=-50.000 Z=-6850.000) RuntimeGrid:None EditorOnly:0 RuntimeOnly:0 HLODRelevant:0 FolderPath:Lighting FolderGuid:963EC3EB4002CCE9759E2EBA541A873A
 |   |   |- [+] [ 16]
 |   |   |   |- Guid:B20EAAB946DF6AA45E7AD587E2B3B284 BaseClass: NativeClass:/Script/Engine.StaticMeshActor Name:StaticMeshActor_UAID_E0D55E838A57C99701_1476612004 Label:Plane5 SpatiallyLoaded:1 Bounds:IsValid=true, Min=(X=2850.000 Y=2485.000 Z=0.063), Max=(X=2850.000 Y=2735.000 Z=250.063) RuntimeGrid:None EditorOnly:0 RuntimeOnly:0 HLODRelevant:1
 |   |   |- [+] [ 17]
 |   |   |   |- Guid:A56216954B2165CF0F35A886B537D536 BaseClass: NativeClass:/Script/Engine.StaticMeshActor Name:StaticMeshActor_0 Label:SM_Cube5 SpatiallyLoaded:1 Bounds:IsValid=true, Min=(X=-0.000 Y=100.000 Z=0.000), Max=(X=100.000 Y=3400.000 Z=400.000) RuntimeGrid:None EditorOnly:0 RuntimeOnly:0 HLODRelevant:1 FolderPath:Playground FolderGuid:C73F09FC4215536B1DCE2A9E0A830C70
 |   |   |- [+] [ 18]
 |   |   |   |- Guid:5B97F4A64FB21F77EFC44386BF705B4C BaseClass: NativeClass:/Script/Engine.TextRenderActor Name:TextRenderActor_1 Label:TextRenderActor SpatiallyLoaded:1 Bounds:IsValid=true, Min=(X=-0.100 Y=1100.000 Z=65.013), Max=(X=-0.100 Y=2392.308 Z=215.013) RuntimeGrid:None EditorOnly:0 RuntimeOnly:0 HLODRelevant:0
 |   |   |- [+] [ 19]
 |   |   |   |- Guid:2FB58999456391D349DC0F86DAC136ED BaseClass: NativeClass:/Script/Engine.SkyLight Name:SkyLight_1 Label:SkyLight SpatiallyLoaded:0 Bounds:IsValid=true, Min=(X=0.000 Y=0.000 Z=690.000), Max=(X=0.000 Y=0.000 Z=690.000) RuntimeGrid:None EditorOnly:0 RuntimeOnly:0 HLODRelevant:0 FolderPath:Lighting FolderGuid:963EC3EB4002CCE9759E2EBA541A873A
 |   |   |- [+] [ 20]
 |   |   |   |- Guid:D231E2DF4C84539A241EE0B2A5834405 BaseClass: NativeClass:/Script/Engine.StaticMeshActor Name:StaticMeshActor_UAID_E0D55E838A57E29701_1890556394 Label:Cube4 SpatiallyLoaded:1 Bounds:IsValid=true, Min=(X=2642.357 Y=2951.503 Z=-24.425), Max=(X=2758.122 Y=3068.497 Z=133.910) RuntimeGrid:None EditorOnly:0 RuntimeOnly:0 HLODRelevant:1
 |   |   |- [+] [ 21]
 |   |   |   |- Guid:83F0C9FB4C70734EB832E982F38E3EA0 BaseClass: NativeClass:/Script/Engine.SkeletalMeshActor Name:SkeletalMeshActor_UAID_E0D55E838A57E69701_1261960107 Label:MM_Idle2 SpatiallyLoaded:1 Bounds:IsValid=true, Min=(X=2565.730 Y=3205.999 Z=-0.477), Max=(X=2649.818 Y=3290.192 Z=177.545) RuntimeGrid:None EditorOnly:0 RuntimeOnly:0 HLODRelevant:0
 |   |   |- [+] [ 22]
 |   |   |   |- Guid:72A13753475DA46E6D370CB4F4577091 BaseClass: NativeClass:/Script/Engine.StaticMeshActor Name:StaticMeshActor_UAID_E0D55E838A57C69601_1692361407 Label:Plane3 SpatiallyLoaded:1 Bounds:IsValid=true, Min=(X=2600.000 Y=805.000 Z=-5.000), Max=(X=2600.000 Y=1055.000 Z=245.000) RuntimeGrid:None EditorOnly:0 RuntimeOnly:0 HLODRelevant:1
 |   |   |- [+] [ 23]
 |   |   |   |- Guid:B785ED2844B84CFB91E7F39FE661CD99 BaseClass: NativeClass:/Script/Engine.DirectionalLight Name:DirectionalLight_0 Label:DirectionalLight SpatiallyLoaded:0 Bounds:IsValid=true, Min=(X=-4398046511104.000 Y=-4398046511104.000 Z=-4398046511104.000), Max=(X=4398046511104.000 Y=4398046511104.000 Z=4398046511104.000) RuntimeGrid:None EditorOnly:0 RuntimeOnly:0 HLODRelevant:0 FolderPath:Lighting FolderGuid:963EC3EB4002CCE9759E2EBA541A873A
 |   |   |- [+] [ 24]
 |   |   |   |- Guid:803188BA4D56BCAD30F45489A093BB83 BaseClass: NativeClass:/Script/Engine.TextRenderActor Name:TextRenderActor_UAID_E0D55E838A57A49701_1620054484 Label:TextRenderActor3 SpatiallyLoaded:1 Bounds:IsValid=true, Min=(X=2890.000 Y=819.353 Z=319.572), Max=(X=2890.000 Y=1020.647 Z=380.428) RuntimeGrid:None EditorOnly:0 RuntimeOnly:0 HLODRelevant:0
 |   |   |- [+] [ 25]
 |   |   |   |- Guid:69A57384482F208F6952EAA7A028308C BaseClass: NativeClass:/Script/Engine.TextRenderActor Name:TextRenderActor_UAID_E0D55E838A57A49701_1516430483 Label:TextRenderActor2 SpatiallyLoaded:1 Bounds:IsValid=true, Min=(X=2890.000 Y=115.614 Z=289.144), Max=(X=2890.000 Y=684.386 Z=410.856) RuntimeGrid:None EditorOnly:0 RuntimeOnly:0 HLODRelevant:0
 |   |   |- [+] [ 26]
 |   |   |   |- Guid:C2597FE04FDFB56B0181598645662CF9 BaseClass: NativeClass:/Script/Engine.StaticMeshActor Name:StaticMeshActor_UAID_E0D55E838A579B3401_1383033353 Label:Plane SpatiallyLoaded:1 Bounds:IsValid=true, Min=(X=2580.000 Y=1295.000 Z=0.063), Max=(X=2580.000 Y=1545.000 Z=250.063) RuntimeGrid:None EditorOnly:0 RuntimeOnly:0 HLODRelevant:1
 |   |   |- [+] [ 27]
 |   |   |   |- Guid:6D7C164240D53A760E8D59A63BF2E46D BaseClass: NativeClass:/Script/Engine.TextRenderActor Name:TextRenderActor_UAID_E0D55E838A57A49701_1856995485 Label:TextRenderActor4 SpatiallyLoaded:1 Bounds:IsValid=true, Min=(X=2890.000 Y=1377.641 Z=289.144), Max=(X=2890.000 Y=1822.359 Z=410.856) RuntimeGrid:None EditorOnly:0 RuntimeOnly:0 HLODRelevant:0
 |   |   |- [+] [ 28]
 |   |   |   |- Guid:0FF380BE49B3C741BD897ABBBF1DF932 BaseClass: NativeClass:/Script/Engine.TextRenderActor Name:TextRenderActor_UAID_E0D55E838A57A49701_2040918487 Label:TextRenderActor5 SpatiallyLoaded:1 Bounds:IsValid=true, Min=(X=2890.000 Y=2064.777 Z=319.572), Max=(X=2890.000 Y=2315.223 Z=380.428) RuntimeGrid:None EditorOnly:0 RuntimeOnly:0 HLODRelevant:0
 |   |   |- [+] [ 29]
 |   |   |   |- Guid:EC4E0C944CE6AC6E784BC6BB2916EA13 BaseClass: NativeClass:/Script/Engine.StaticMeshActor Name:StaticMeshActor_UAID_A4AE111137DC5EFB00_1110535423 Label:SM_SkySphere SpatiallyLoaded:1 Bounds:IsValid=true, Min=(X=-1638400.000 Y=-1638400.000 Z=-1638400.000), Max=(X=1638400.000 Y=1638400.000 Z=1638400.000) RuntimeGrid:None EditorOnly:0 RuntimeOnly:0 HLODRelevant:1 FolderPath:Lighting FolderGuid:963EC3EB4002CCE9759E2EBA541A873A
 |   |   |- [+] [ 30]
 |   |   |   |- Guid:0C182C93420385F852496E961C8F05BE BaseClass: NativeClass:/Script/Engine.SkeletalMeshActor Name:SkeletalMeshActor_UAID_E0D55E838A57E39701_1236880575 Label:Jog_Fwd2 SpatiallyLoaded:1 Bounds:IsValid=true, Min=(X=2746.763 Y=3095.789 Z=-2.383), Max=(X=2821.296 Y=3224.495 Z=153.801) RuntimeGrid:None EditorOnly:0 RuntimeOnly:0 HLODRelevant:0
 |   |   |- [+] [ 31]
 |   |   |   |- Guid:F1924B8D48954B30891B2DB6A694F9CC BaseClass: NativeClass:/Script/Engine.StaticMeshActor Name:StaticMeshActor_1 Label:SM_Cube SpatiallyLoaded:1 Bounds:IsValid=true, Min=(X=0.000 Y=0.000 Z=-50.000), Max=(X=3000.000 Y=3500.000 Z=0.000) RuntimeGrid:None EditorOnly:0 RuntimeOnly:0 HLODRelevant:1 FolderPath:Playground FolderGuid:C73F09FC4215536B1DCE2A9E0A830C70
 |   |   |- [+] [ 32]
 |   |   |   |- Guid:5372EB484FE9C3BAC272DAA581F5554A BaseClass: NativeClass:/Script/Engine.SkeletalMeshActor Name:SkeletalMeshActor_UAID_E0D55E838A57E39701_1166119574 Label:Jog_Fwd SpatiallyLoaded:1 Bounds:IsValid=true, Min=(X=2508.704 Y=2885.505 Z=-2.383), Max=(X=2583.237 Y=3014.211 Z=153.801) RuntimeGrid:None EditorOnly:0 RuntimeOnly:0 HLODRelevant:0
 |   |   |- [+] [ 33]
 |   |   |   |- Guid:43815E84492231AFC407F59E3C28176B BaseClass: NativeClass:/Script/Engine.StaticMeshActor Name:StaticMeshActor_4 Label:SM_Cube6 SpatiallyLoaded:1 Bounds:IsValid=true, Min=(X=2900.000 Y=100.000 Z=0.000), Max=(X=3000.000 Y=3400.000 Z=550.000) RuntimeGrid:None EditorOnly:0 RuntimeOnly:0 HLODRelevant:1 FolderPath:Playground FolderGuid:C73F09FC4215536B1DCE2A9E0A830C70
 |   |   |- [+] [ 34]
 |   |   |   |- Guid:C37A7DB34EE3CEEE6B01F1851D67CE6E BaseClass: NativeClass:/Script/Engine.TextRenderActor Name:TextRenderActor_UAID_E0D55E838A57C99701_1419059003 Label:TextRenderActor6 SpatiallyLoaded:1 Bounds:IsValid=true, Min=(X=2890.000 Y=2462.750 Z=319.572), Max=(X=2890.000 Y=2837.250 Z=380.428) RuntimeGrid:None EditorOnly:0 RuntimeOnly:0 HLODRelevant:0
 |   |   |- [+] [ 35]
 |   |   |   |- Guid:EDAE4EB340BC656950FF7AA0E837375B BaseClass: NativeClass:/Script/Engine.StaticMeshActor Name:StaticMeshActor_UAID_E0D55E838A57A49701_2010016486 Label:Plane4 SpatiallyLoaded:1 Bounds:IsValid=true, Min=(X=2580.000 Y=2015.000 Z=0.063), Max=(X=2580.000 Y=2265.000 Z=250.063) RuntimeGrid:None EditorOnly:0 RuntimeOnly:0 HLODRelevant:1
 |- ContainerInstances:
 |- [+] MainContainer:
 |   |-        ID: 0x0000000000000000
 |   |-    Bounds: IsValid=false, Min=(X=0.000 Y=0.000 Z=0.000), Max=(X=0.000 Y=0.000 Z=0.000)
 |   |- Transform: 0.000000,0.000000,0.000000|0.000000,0.000000,-0.000000|1.000000,1.000000,1.000000
 |   |- Container: /Game/Maps/MaterialsMap
----------------------------------------------------------------------------------------------------------------
MaterialsMap - Persistent Level
----------------------------------------------------------------------------------------------------------------
Always loaded Actor Count: 43 

----------------------------------------------------------------------------------------------------------------
MaterialsMap - Runtime Spatial Hash - Streaming Grid - MainGrid
----------------------------------------------------------------------------------------------------------------
            Origin: X=0.000 Y=0.000 Z=0.000
         Cell Size: 12800
      World Bounds: IsValid=false, Min=(X=0.000 Y=0.000 Z=0.000), Max=(X=0.000 Y=0.000 Z=0.000)
     Loading Range: 25600.00
Block Slow Loading: No
 ClientOnlyVisible: No

[+] Grid Levels: 1
 |- Level  0: Cell Count    0 | Cell Size   12800 | Actor Count    0 (0.0%)

[+] Content of Grid Level 0

